<?xml version="1.0" encoding="UTF-8"?>
<!-- Generated by org.testng.reporters.JUnitReportReporter -->
<testsuite hostname="LAP02137s-MacBook-Pro.local" failures="0" tests="1" name="wikipedia.testsuites.Appointment" time="8.447" errors="0" timestamp="2023-11-28T09:01:38 ICT" skipped="0">
  <testcase classname="wikipedia.testsuites.Appointment" name="appointmentSchedule" time="8.447"/>
</testsuite> <!-- wikipedia.testsuites.Appointment -->
