<?xml version="1.0" encoding="UTF-8"?>
<!-- Generated by org.testng.reporters.JUnitReportReporter -->
<testsuite hostname="LAP02137s-MacBook-Pro.local" failures="0" tests="2" name="wikipedia.testsuites.ValidatePage" time="0.636" errors="0" timestamp="2023-12-14T15:47:00 ICT" skipped="0">
  <testcase classname="wikipedia.testsuites.ValidatePage" name="testBlankPage" time="0.189"/>
  <testcase classname="wikipedia.testsuites.ValidatePage" name="testLinkWork" time="0.447"/>
</testsuite> <!-- wikipedia.testsuites.ValidatePage -->
